  .   ____          _            __ _ _
 /\\ / ___'_ __ _ _(_)_ __  __ _ \ \ \ \
( ( )\___ | '_ | '_| | '_ \/ _` | \ \ \ \
 \\/  ___)| |_)| | | | | || (_| |  ) ) ) )
  '  |____| .__|_| |_|_| |_\__, | / / / /
 =========|_|==============|___/=/_/_/_/

 :: Spring Boot ::                (v3.5.0)

2025-07-31T16:32:41.969+03:00  INFO 10648 --- [demo] [           main] com.example.demo.SpringBootApplication   : Starting SpringBootApplication using Java 18.0.2.1 with PID 10648 (D:\Denis\Kafka\Lesson6\my_practic_kafka_yandexcloud\Task1\kafka_spring_producer\target\classes started by admin in D:\Denis\Kafka\Lesson6\my_practic_kafka_yandexcloud\Task1\kafka_spring_producer)
2025-07-31T16:32:41.970+03:00  INFO 10648 --- [demo] [           main] com.example.demo.SpringBootApplication   : No active profile set, falling back to 1 default profile: "default"
2025-07-31T16:32:42.256+03:00  INFO 10648 --- [demo] [           main] com.example.demo.SpringBootApplication   : Started SpringBootApplication in 0.52 seconds (process running for 0.698)
2025-07-31T16:32:42.271+03:00  INFO 10648 --- [demo] [           main] o.a.k.clients.producer.ProducerConfig    : ProducerConfig values: 
	acks = -1
	auto.include.jmx.reporter = true
	batch.size = 16384
	bootstrap.servers = [rc1a-visrq76m42f7rb7b.mdb.yandexcloud.net:9091, rc1b-4p80535qu7gnnitk.mdb.yandexcloud.net:9091, rc1d-q44jt83fl6nri71p.mdb.yandexcloud.net:9091]
	buffer.memory = 33554432
	client.dns.lookup = use_all_dns_ips
	client.id = producer-1
	compression.gzip.level = -1
	compression.lz4.level = 9
	compression.type = none
	compression.zstd.level = 3
	connections.max.idle.ms = 540000
	delivery.timeout.ms = 120000
	enable.idempotence = true
	enable.metrics.push = true
	interceptor.classes = []
	key.serializer = class org.apache.kafka.common.serialization.StringSerializer
	linger.ms = 0
	max.block.ms = 60000
	max.in.flight.requests.per.connection = 5
	max.request.size = 1048576
	metadata.max.age.ms = 300000
	metadata.max.idle.ms = 300000
	metadata.recovery.strategy = none
	metric.reporters = []
	metrics.num.samples = 2
	metrics.recording.level = INFO
	metrics.sample.window.ms = 30000
	partitioner.adaptive.partitioning.enable = true
	partitioner.availability.timeout.ms = 0
	partitioner.class = null
	partitioner.ignore.keys = false
	receive.buffer.bytes = 32768
	reconnect.backoff.max.ms = 1000
	reconnect.backoff.ms = 50
	request.timeout.ms = 30000
	retries = 2147483647
	retry.backoff.max.ms = 1000
	retry.backoff.ms = 100
	sasl.client.callback.handler.class = null
	sasl.jaas.config = [hidden]
	sasl.kerberos.kinit.cmd = /usr/bin/kinit
	sasl.kerberos.min.time.before.relogin = 60000
	sasl.kerberos.service.name = null
	sasl.kerberos.ticket.renew.jitter = 0.05
	sasl.kerberos.ticket.renew.window.factor = 0.8
	sasl.login.callback.handler.class = null
	sasl.login.class = null
	sasl.login.connect.timeout.ms = null
	sasl.login.read.timeout.ms = null
	sasl.login.refresh.buffer.seconds = 300
	sasl.login.refresh.min.period.seconds = 60
	sasl.login.refresh.window.factor = 0.8
	sasl.login.refresh.window.jitter = 0.05
	sasl.login.retry.backoff.max.ms = 10000
	sasl.login.retry.backoff.ms = 100
	sasl.mechanism = SCRAM-SHA-512
	sasl.oauthbearer.clock.skew.seconds = 30
	sasl.oauthbearer.expected.audience = null
	sasl.oauthbearer.expected.issuer = null
	sasl.oauthbearer.header.urlencode = false
	sasl.oauthbearer.jwks.endpoint.refresh.ms = 3600000
	sasl.oauthbearer.jwks.endpoint.retry.backoff.max.ms = 10000
	sasl.oauthbearer.jwks.endpoint.retry.backoff.ms = 100
	sasl.oauthbearer.jwks.endpoint.url = null
	sasl.oauthbearer.scope.claim.name = scope
	sasl.oauthbearer.sub.claim.name = sub
	sasl.oauthbearer.token.endpoint.url = null
	security.protocol = SASL_SSL
	security.providers = null
	send.buffer.bytes = 131072
	socket.connection.setup.timeout.max.ms = 30000
	socket.connection.setup.timeout.ms = 10000
	ssl.cipher.suites = null
	ssl.enabled.protocols = [TLSv1.2, TLSv1.3]
	ssl.endpoint.identification.algorithm = 
	ssl.engine.factory.class = null
	ssl.key.password = null
	ssl.keymanager.algorithm = SunX509
	ssl.keystore.certificate.chain = null
	ssl.keystore.key = null
	ssl.keystore.location = null
	ssl.keystore.password = null
	ssl.keystore.type = JKS
	ssl.protocol = TLSv1.3
	ssl.provider = null
	ssl.secure.random.implementation = null
	ssl.trustmanager.algorithm = PKIX
	ssl.truststore.certificates = null
	ssl.truststore.location = kafka-creds/kafka.truststore.jks
	ssl.truststore.password = [hidden]
	ssl.truststore.type = JKS
	transaction.timeout.ms = 60000
	transactional.id = null
	value.serializer = class org.apache.kafka.common.serialization.StringSerializer

2025-07-31T16:32:42.286+03:00  INFO 10648 --- [demo] [           main] o.a.k.c.t.i.KafkaMetricsCollector        : initializing Kafka metrics collector
2025-07-31T16:32:42.316+03:00  INFO 10648 --- [demo] [           main] o.a.k.clients.producer.KafkaProducer     : [Producer clientId=producer-1] Instantiated an idempotent producer.
2025-07-31T16:32:42.355+03:00  INFO 10648 --- [demo] [           main] o.a.k.c.s.authenticator.AbstractLogin    : Successfully logged in.
2025-07-31T16:32:42.476+03:00  INFO 10648 --- [demo] [           main] o.a.kafka.common.utils.AppInfoParser     : Kafka version: 3.9.0
2025-07-31T16:32:42.479+03:00  INFO 10648 --- [demo] [           main] o.a.kafka.common.utils.AppInfoParser     : Kafka commitId: 84caaa6e9da06435
2025-07-31T16:32:42.479+03:00  INFO 10648 --- [demo] [           main] o.a.kafka.common.utils.AppInfoParser     : Kafka startTimeMs: 1753968762475
2025-07-31T16:32:42.481+03:00  INFO 10648 --- [demo] [           main] c.example.demo.service.MyKafkaProducer   : Try send message key=key-32471c5d-dd63-4a82-9c42-df5c5497ddb3, Student: { "id": 1, "fio":"Иванов Иван Иванович 1" }
2025-07-31T16:32:43.055+03:00  INFO 10648 --- [demo] [ad | producer-1] org.apache.kafka.clients.Metadata        : [Producer clientId=producer-1] Cluster ID: zW7gGyBcTY611KSwElSxQA
2025-07-31T16:32:43.610+03:00  INFO 10648 --- [demo] [ad | producer-1] o.a.k.c.p.internals.TransactionManager   : [Producer clientId=producer-1] ProducerId set to 5000 with epoch 0
2025-07-31T16:32:43.925+03:00  INFO 10648 --- [demo] [ad | producer-1] c.example.demo.service.MyKafkaProducer   : Message sent: partition=0, offset=10
2025-07-31T16:32:44.063+03:00  INFO 10648 --- [demo] [           main] c.example.demo.service.MyKafkaProducer   : Try send message key=key-d278afeb-f7d9-4085-9aed-c015397ac649, Student: { "id": 2, "fio":"Иванов Иван Иванович 2" }
2025-07-31T16:32:44.402+03:00  INFO 10648 --- [demo] [ad | producer-1] c.example.demo.service.MyKafkaProducer   : Message sent: partition=1, offset=5
2025-07-31T16:32:45.073+03:00  INFO 10648 --- [demo] [           main] c.example.demo.service.MyKafkaProducer   : Try send message key=key-d5bffc74-7a76-4c69-bdb0-e2272ef480c9, Student: { "id": 3, "fio":"Иванов Иван Иванович 3" }
2025-07-31T16:32:45.121+03:00  INFO 10648 --- [demo] [ad | producer-1] c.example.demo.service.MyKafkaProducer   : Message sent: partition=2, offset=4
2025-07-31T16:32:46.086+03:00  INFO 10648 --- [demo] [           main] c.example.demo.service.MyKafkaProducer   : Try send message key=key-71fdf281-99eb-4100-bbc9-bd651c5fb822, Student: { "id": 4, "fio":"Иванов Иван Иванович 4" }
2025-07-31T16:32:46.138+03:00  INFO 10648 --- [demo] [ad | producer-1] c.example.demo.service.MyKafkaProducer   : Message sent: partition=1, offset=6
2025-07-31T16:32:47.087+03:00  INFO 10648 --- [demo] [           main] c.example.demo.service.MyKafkaProducer   : Try send message key=key-77616d9e-6748-439e-9b8b-422e793f7d47, Student: { "id": 5, "fio":"Иванов Иван Иванович 5" }
2025-07-31T16:32:47.136+03:00  INFO 10648 --- [demo] [ad | producer-1] c.example.demo.service.MyKafkaProducer   : Message sent: partition=1, offset=7
2025-07-31T16:32:48.097+03:00  INFO 10648 --- [demo] [           main] o.a.k.clients.producer.KafkaProducer     : [Producer clientId=producer-1] Closing the Kafka producer with timeoutMillis = 9223372036854775807 ms.
2025-07-31T16:32:48.103+03:00  INFO 10648 --- [demo] [           main] o.apache.kafka.common.metrics.Metrics    : Metrics scheduler closed
2025-07-31T16:32:48.103+03:00  INFO 10648 --- [demo] [           main] o.apache.kafka.common.metrics.Metrics    : Closing reporter org.apache.kafka.common.metrics.JmxReporter
2025-07-31T16:32:48.103+03:00  INFO 10648 --- [demo] [           main] o.apache.kafka.common.metrics.Metrics    : Closing reporter org.apache.kafka.common.telemetry.internals.ClientTelemetryReporter
2025-07-31T16:32:48.103+03:00  INFO 10648 --- [demo] [           main] o.apache.kafka.common.metrics.Metrics    : Metrics reporters closed
2025-07-31T16:32:48.103+03:00  INFO 10648 --- [demo] [           main] o.a.kafka.common.utils.AppInfoParser     : App info kafka.producer for producer-1 unregistered

Process finished with exit code 0
