  .   ____          _            __ _ _

 /\\ / ___'_ __ _ _(_)_ __  __ _ \ \ \ \

( ( )\___ | '_ | '_| | '_ \/ _` | \ \ \ \

 \\/  ___)| |_)| | | | | || (_| |  ) ) ) )

  '  |____| .__|_| |_|_| |_\__, | / / / /

 =========|_|==============|___/=/_/_/_/

 :: Spring Boot ::               (v2.7.18)


2025-08-01 21:05:36.423  INFO 1 --- [           main] com.example.demo.SpringBootApplication   : Starting SpringBootApplication v0.0.1 using Java 11.0.27 on 28cff9f864ea with PID 1 (/kafka_consumer.jar started by root in /)

2025-08-01 21:05:36.425  INFO 1 --- [           main] com.example.demo.SpringBootApplication   : No active profile set, falling back to 1 default profile: "default"

2025-08-01 21:05:37.144  INFO 1 --- [           main] com.example.demo.SpringBootApplication   : Started SpringBootApplication in 1.135 seconds (JVM running for 1.78)

2025-08-01 21:05:37.182  INFO 1 --- [           main] o.a.k.clients.consumer.ConsumerConfig    : ConsumerConfig values: 

	allow.auto.create.topics = true

	auto.commit.interval.ms = 5000

	auto.include.jmx.reporter = true

	auto.offset.reset = earliest

	bootstrap.servers = [kafka-0:9092]

	check.crcs = true

	client.dns.lookup = use_all_dns_ips

	client.id = consumer-consumer-group-1-1

	client.rack = 

	connections.max.idle.ms = 540000

	default.api.timeout.ms = 60000

	enable.auto.commit = true

	enable.metrics.push = true

	exclude.internal.topics = true

	fetch.max.bytes = 52428800

	fetch.max.wait.ms = 500

	fetch.min.bytes = 1

	group.id = consumer-group-1

	group.instance.id = null

	group.protocol = classic

	group.remote.assignor = null

	heartbeat.interval.ms = 3000

	interceptor.classes = []

	internal.leave.group.on.close = true

	internal.throw.on.fetch.stable.offset.unsupported = false

	isolation.level = read_uncommitted

	key.deserializer = class org.apache.kafka.common.serialization.StringDeserializer

	max.partition.fetch.bytes = 1048576

	max.poll.interval.ms = 300000

	max.poll.records = 500

	metadata.max.age.ms = 300000

	metadata.recovery.strategy = none

	metric.reporters = []

	metrics.num.samples = 2

	metrics.recording.level = INFO

	metrics.sample.window.ms = 30000

	ssl.protocol = TLSv1.3

	ssl.provider = null

	ssl.secure.random.implementation = null

	ssl.trustmanager.algorithm = PKIX

	ssl.truststore.certificates = null

	ssl.truststore.location = null

	ssl.truststore.password = null

	ssl.truststore.type = JKS

	value.deserializer = class org.apache.kafka.common.serialization.StringDeserializer


2025-08-01 21:05:37.245  INFO 1 --- [           main] o.a.k.c.t.i.KafkaMetricsCollector        : initializing Kafka metrics collector

2025-08-01 21:05:37.495  INFO 1 --- [           main] o.a.kafka.common.utils.AppInfoParser     : Kafka version: 3.9.0

2025-08-01 21:05:37.496  INFO 1 --- [           main] o.a.kafka.common.utils.AppInfoParser     : Kafka commitId: 84caaa6e9da06435

2025-08-01 21:05:37.496  INFO 1 --- [           main] o.a.kafka.common.utils.AppInfoParser     : Kafka startTimeMs: 1754082337491

2025-08-01 21:05:37.500  INFO 1 --- [           main] o.a.k.c.c.i.ClassicKafkaConsumer         : [Consumer clientId=consumer-consumer-group-1-1, groupId=consumer-group-1] Subscribed to topic(s): mytopic

2025-08-01 21:05:37.661  WARN 1 --- [           main] org.apache.hadoop.util.NativeCodeLoader  : Unable to load native-hadoop library for your platform... using builtin-java classes where applicable

2025-08-01 21:05:42.291  INFO 1 --- [   scheduling-1] org.apache.kafka.clients.NetworkClient   : [Consumer clientId=consumer-consumer-group-1-1, groupId=consumer-group-1] Node -1 disconnected.

2025-08-01 21:05:42.292  WARN 1 --- [   scheduling-1] org.apache.kafka.clients.NetworkClient   : [Consumer clientId=consumer-consumer-group-1-1, groupId=consumer-group-1] Connection to node -1 (kafka-0/172.19.0.3:9092) could not be established. Node may not be available.

2025-08-01 21:05:42.292  WARN 1 --- [   scheduling-1] org.apache.kafka.clients.NetworkClient   : [Consumer clientId=consumer-consumer-group-1-1, groupId=consumer-group-1] Bootstrap broker kafka-0:9092 (id: -1 rack: null) disconnected

2025-08-01 21:05:47.353  INFO 1 --- [   scheduling-1] org.apache.kafka.clients.Metadata        : [Consumer clientId=consumer-consumer-group-1-1, groupId=consumer-group-1] Cluster ID: practicum

2025-08-01 21:05:52.402  INFO 1 --- [   scheduling-1] o.a.k.c.c.internals.ConsumerCoordinator  : [Consumer clientId=consumer-consumer-group-1-1, groupId=consumer-group-1] Discovered group coordinator kafka-0:9092 (id: 2147483647 rack: null)

2025-08-01 21:05:52.405  INFO 1 --- [   scheduling-1] o.a.k.c.c.internals.ConsumerCoordinator  : [Consumer clientId=consumer-consumer-group-1-1, groupId=consumer-group-1] (Re-)joining group

2025-08-01 21:05:52.414  INFO 1 --- [   scheduling-1] o.a.k.c.c.internals.ConsumerCoordinator  : [Consumer clientId=consumer-consumer-group-1-1, groupId=consumer-group-1] Request joining group due to: need to re-join with the given member-id: consumer-consumer-group-1-1-c5870c75-54ce-49cd-98a1-e73cea670193

2025-08-01 21:05:52.414  INFO 1 --- [   scheduling-1] o.a.k.c.c.internals.ConsumerCoordinator  : [Consumer clientId=consumer-consumer-group-1-1, groupId=consumer-group-1] (Re-)joining group

2025-08-01 21:05:57.495  INFO 1 --- [   scheduling-1] o.a.k.c.c.internals.ConsumerCoordinator  : [Consumer clientId=consumer-consumer-group-1-1, groupId=consumer-group-1] Successfully joined group with generation Generation{generationId=1, memberId='consumer-consumer-group-1-1-c5870c75-54ce-49cd-98a1-e73cea670193', protocol='range'}

2025-08-01 21:05:57.499  INFO 1 --- [   scheduling-1] o.a.k.c.c.internals.ConsumerCoordinator  : [Consumer clientId=consumer-consumer-group-1-1, groupId=consumer-group-1] Finished assignment for group at generation 1: {consumer-consumer-group-1-1-c5870c75-54ce-49cd-98a1-e73cea670193=Assignment(partitions=[mytopic-0])}

2025-08-01 21:05:57.510  INFO 1 --- [   scheduling-1] o.a.k.c.c.internals.ConsumerCoordinator  : [Consumer clientId=consumer-consumer-group-1-1, groupId=consumer-group-1] Successfully synced group in generation Generation{generationId=1, memberId='consumer-consumer-group-1-1-c5870c75-54ce-49cd-98a1-e73cea670193', protocol='range'}

2025-08-01 21:05:57.510  INFO 1 --- [   scheduling-1] o.a.k.c.c.internals.ConsumerCoordinator  : [Consumer clientId=consumer-consumer-group-1-1, groupId=consumer-group-1] Notifying assignor about the new Assignment(partitions=[mytopic-0])

2025-08-01 21:05:57.511  INFO 1 --- [   scheduling-1] k.c.c.i.ConsumerRebalanceListenerInvoker : [Consumer clientId=consumer-consumer-group-1-1, groupId=consumer-group-1] Adding newly assigned partitions: mytopic-0

2025-08-01 21:05:57.516  INFO 1 --- [   scheduling-1] o.a.k.c.c.internals.ConsumerCoordinator  : [Consumer clientId=consumer-consumer-group-1-1, groupId=consumer-group-1] Found no committed offset for partition mytopic-0

2025-08-01 21:05:57.524  INFO 1 --- [   scheduling-1] o.a.k.c.c.internals.SubscriptionState    : [Consumer clientId=consumer-consumer-group-1-1, groupId=consumer-group-1] Resetting offset for partition mytopic-0 to position FetchPosition{offset=0, offsetEpoch=Optional.empty, currentLeader=LeaderAndEpoch{leader=Optional[kafka-0:9092 (id: 0 rack: null)], epoch=0}}.

2025-08-01 21:05:57.548  INFO 1 --- [   scheduling-1] com.example.demo.service.KafkaConsumer   : Received message to topic 'mytopic': { "id": 1, "fio":"Иванов Иван Иванович 1" }

Сообщение записано в HDFS по пути: /data/message_dad6035d-59bc-4027-93c7-1e16121cd3bb

2025-08-01 21:05:58.428  INFO 1 --- [   scheduling-1] com.example.demo.service.KafkaConsumer   : Received message to topic 'mytopic': { "id": 2, "fio":"Иванов Иван Иванович 2" }

Сообщение записано в HDFS по пути: /data/message_1728c786-1534-46a3-8754-681820c88d00

2025-08-01 21:05:58.452  INFO 1 --- [   scheduling-1] com.example.demo.service.KafkaConsumer   : Received message to topic 'mytopic': { "id": 3, "fio":"Иванов Иван Иванович 3" }

Сообщение записано в HDFS по пути: /data/message_577a4fa2-83f4-48dd-b4df-0557757b2c7a

2025-08-01 21:05:58.467  INFO 1 --- [   scheduling-1] com.example.demo.service.KafkaConsumer   : Received message to topic 'mytopic': { "id": 4, "fio":"Иванов Иван Иванович 4" }

Сообщение записано в HDFS по пути: /data/message_d6394d3a-df52-48f7-b584-667ab4980065

2025-08-01 21:05:58.482  INFO 1 --- [   scheduling-1] com.example.demo.service.KafkaConsumer   : Received message to topic 'mytopic': { "id": 5, "fio":"Иванов Иван Иванович 5" }

Сообщение записано в HDFS по пути: /data/message_d5c043a3-d923-4936-be02-0ee9c93025f3