
  .   ____          _            __ _ _

 /\\ / ___'_ __ _ _(_)_ __  __ _ \ \ \ \

( ( )\___ | '_ | '_| | '_ \/ _` | \ \ \ \

 \\/  ___)| |_)| | | | | || (_| |  ) ) ) )

  '  |____| .__|_| |_|_| |_\__, | / / / /

 =========|_|==============|___/=/_/_/_/


 :: Spring Boot ::                (v3.5.0)


2025-08-01T21:05:36.370Z  INFO 1 --- [demo] [           main] com.example.demo.SpringBootApplication   : Starting SpringBootApplication v0.0.1 using Java 17.0.15 with PID 1 (/kafka_producer.jar started by root in /)

2025-08-01T21:05:36.373Z  INFO 1 --- [demo] [           main] com.example.demo.SpringBootApplication   : No active profile set, falling back to 1 default profile: "default"

2025-08-01T21:05:36.904Z  INFO 1 --- [demo] [           main] com.example.demo.SpringBootApplication   : Started SpringBootApplication in 1.115 seconds (process running for 1.629)

2025-08-01T21:05:36.957Z  INFO 1 --- [demo] [           main] o.a.k.clients.producer.ProducerConfig    : ProducerConfig values: 

	acks = -1

	auto.include.jmx.reporter = true

	batch.size = 16384

	bootstrap.servers = [kafka-0:9092]

	buffer.memory = 33554432

	client.dns.lookup = use_all_dns_ips

	client.id = producer-1

	compression.gzip.level = -1

	compression.lz4.level = 9

	compression.type = none

	compression.zstd.level = 3

	connections.max.idle.ms = 540000

	delivery.timeout.ms = 120000

	enable.idempotence = true

	enable.metrics.push = true

	interceptor.classes = []

	key.serializer = class org.apache.kafka.common.serialization.StringSerializer

	linger.ms = 0

	max.block.ms = 60000

	max.in.flight.requests.per.connection = 5

	max.request.size = 1048576

	metadata.max.age.ms = 300000

	metadata.max.idle.ms = 300000

	metadata.recovery.strategy = none

	metric.reporters = []

	metrics.num.samples = 2

	metrics.recording.level = INFO

	metrics.sample.window.ms = 30000

	partitioner.adaptive.partitioning.enable = true

	partitioner.availability.timeout.ms = 0

	partitioner.class = null

	partitioner.ignore.keys = false

	receive.buffer.bytes = 32768

	reconnect.backoff.max.ms = 1000

	reconnect.backoff.ms = 50

	request.timeout.ms = 30000

	retries = 2147483647

	retry.backoff.max.ms = 1000

	retry.backoff.ms = 100

	sasl.client.callback.handler.class = null

	sasl.jaas.config = null

	sasl.kerberos.kinit.cmd = /usr/bin/kinit

	sasl.kerberos.min.time.before.relogin = 60000

	sasl.kerberos.service.name = null

	sasl.kerberos.ticket.renew.jitter = 0.05

	sasl.kerberos.ticket.renew.window.factor = 0.8

	sasl.login.callback.handler.class = null

	sasl.login.class = null

	sasl.login.connect.timeout.ms = null

	sasl.login.read.timeout.ms = null

	sasl.login.refresh.buffer.seconds = 300

	sasl.login.refresh.min.period.seconds = 60

	sasl.login.refresh.window.factor = 0.8

	sasl.login.refresh.window.jitter = 0.05

	sasl.login.retry.backoff.max.ms = 10000

	sasl.login.retry.backoff.ms = 100

	sasl.mechanism = GSSAPI

	sasl.oauthbearer.clock.skew.seconds = 30

	sasl.oauthbearer.expected.audience = null

	sasl.oauthbearer.expected.issuer = null

	sasl.oauthbearer.header.urlencode = false

	sasl.oauthbearer.jwks.endpoint.refresh.ms = 3600000

	sasl.oauthbearer.jwks.endpoint.retry.backoff.max.ms = 10000

	sasl.oauthbearer.jwks.endpoint.retry.backoff.ms = 100

	sasl.oauthbearer.jwks.endpoint.url = null

	sasl.oauthbearer.scope.claim.name = scope

	sasl.oauthbearer.sub.claim.name = sub

	sasl.oauthbearer.token.endpoint.url = null

	security.protocol = PLAINTEXT

	security.providers = null

	send.buffer.bytes = 131072

	socket.connection.setup.timeout.max.ms = 30000

	socket.connection.setup.timeout.ms = 10000

	ssl.cipher.suites = null

	ssl.enabled.protocols = [TLSv1.2, TLSv1.3]

	ssl.endpoint.identification.algorithm = https

	ssl.engine.factory.class = null

	ssl.key.password = null

	ssl.keymanager.algorithm = SunX509

	ssl.keystore.certificate.chain = null

	ssl.keystore.key = null

	ssl.keystore.location = null

	ssl.keystore.password = null

	ssl.keystore.type = JKS

	ssl.protocol = TLSv1.3

	ssl.provider = null

	ssl.secure.random.implementation = null

	ssl.trustmanager.algorithm = PKIX

	ssl.truststore.certificates = null

	ssl.truststore.location = null

	ssl.truststore.password = null

	ssl.truststore.type = JKS

	transaction.timeout.ms = 60000

	transactional.id = null

	value.serializer = class org.apache.kafka.common.serialization.StringSerializer


2025-08-01T21:05:36.995Z  INFO 1 --- [demo] [           main] o.a.k.c.t.i.KafkaMetricsCollector        : initializing Kafka metrics collector

2025-08-01T21:05:37.089Z  INFO 1 --- [demo] [           main] o.a.k.clients.producer.KafkaProducer     : [Producer clientId=producer-1] Instantiated an idempotent producer.

2025-08-01T21:05:37.128Z  INFO 1 --- [demo] [           main] o.a.kafka.common.utils.AppInfoParser     : Kafka version: 3.9.0

2025-08-01T21:05:37.129Z  INFO 1 --- [demo] [           main] o.a.kafka.common.utils.AppInfoParser     : Kafka commitId: 84caaa6e9da06435

2025-08-01T21:05:37.129Z  INFO 1 --- [demo] [           main] o.a.kafka.common.utils.AppInfoParser     : Kafka startTimeMs: 1754082337127

2025-08-01T21:05:37.168Z  INFO 1 --- [demo] [           main] c.example.demo.service.MyKafkaProducer   : Try send message key=key-77454eb1-c50d-4c3a-a896-feb8adc2dc65, Student: { "id": 1, "fio":"Иванов Иван Иванович 1" }

2025-08-01T21:05:37.399Z  INFO 1 --- [demo] [ad | producer-1] org.apache.kafka.clients.NetworkClient   : [Producer clientId=producer-1] Node -1 disconnected.

2025-08-01T21:05:37.401Z  WARN 1 --- [demo] [ad | producer-1] org.apache.kafka.clients.NetworkClient   : [Producer clientId=producer-1] Connection to node -1 (kafka-0/172.19.0.3:9092) could not be established. Node may not be available.

2025-08-01T21:05:37.401Z  WARN 1 --- [demo] [ad | producer-1] org.apache.kafka.clients.NetworkClient   : [Producer clientId=producer-1] Bootstrap broker kafka-0:9092 (id: -1 rack: null) disconnected

2025-08-01T21:05:37.504Z  INFO 1 --- [demo] [ad | producer-1] org.apache.kafka.clients.NetworkClient   : [Producer clientId=producer-1] Node -1 disconnected.

2025-08-01T21:05:37.505Z  WARN 1 --- [demo] [ad | producer-1] org.apache.kafka.clients.NetworkClient   : [Producer clientId=producer-1] Connection to node -1 (kafka-0/172.19.0.3:9092) could not be established. Node may not be available.

2025-08-01T21:05:37.505Z  WARN 1 --- [demo] [ad | producer-1] org.apache.kafka.clients.NetworkClient   : [Producer clientId=producer-1] Bootstrap broker kafka-0:9092 (id: -1 rack: null) disconnected

2025-08-01T21:05:37.606Z  INFO 1 --- [demo] [ad | producer-1] org.apache.kafka.clients.NetworkClient   : [Producer clientId=producer-1] Node -1 disconnected.

2025-08-01T21:05:37.606Z  WARN 1 --- [demo] [ad | producer-1] org.apache.kafka.clients.NetworkClient   : [Producer clientId=producer-1] Connection to node -1 (kafka-0/172.19.0.3:9092) could not be established. Node may not be available.

2025-08-01T21:05:37.607Z  WARN 1 --- [demo] [ad | producer-1] org.apache.kafka.clients.NetworkClient   : [Producer clientId=producer-1] Bootstrap broker kafka-0:9092 (id: -1 rack: null) disconnected

2025-08-01T21:05:37.886Z  INFO 1 --- [demo] [ad | producer-1] org.apache.kafka.clients.NetworkClient   : [Producer clientId=producer-1] Node -1 disconnected.

2025-08-01T21:05:37.886Z  WARN 1 --- [demo] [ad | producer-1] org.apache.kafka.clients.NetworkClient   : [Producer clientId=producer-1] Connection to node -1 (kafka-0/172.19.0.3:9092) could not be established. Node may not be available.

2025-08-01T21:05:37.886Z  WARN 1 --- [demo] [ad | producer-1] org.apache.kafka.clients.NetworkClient   : [Producer clientId=producer-1] Bootstrap broker kafka-0:9092 (id: -1 rack: null) disconnected

2025-08-01T21:05:38.375Z  INFO 1 --- [demo] [ad | producer-1] org.apache.kafka.clients.NetworkClient   : [Producer clientId=producer-1] Node -1 disconnected.

2025-08-01T21:05:38.376Z  WARN 1 --- [demo] [ad | producer-1] org.apache.kafka.clients.NetworkClient   : [Producer clientId=producer-1] Connection to node -1 (kafka-0/172.19.0.3:9092) could not be established. Node may not be available.

2025-08-01T21:05:38.376Z  WARN 1 --- [demo] [ad | producer-1] org.apache.kafka.clients.NetworkClient   : [Producer clientId=producer-1] Bootstrap broker kafka-0:9092 (id: -1 rack: null) disconnected

2025-08-01T21:05:39.237Z  INFO 1 --- [demo] [ad | producer-1] org.apache.kafka.clients.NetworkClient   : [Producer clientId=producer-1] Node -1 disconnected.

2025-08-01T21:05:39.237Z  WARN 1 --- [demo] [ad | producer-1] org.apache.kafka.clients.NetworkClient   : [Producer clientId=producer-1] Connection to node -1 (kafka-0/172.19.0.3:9092) could not be established. Node may not be available.

2025-08-01T21:05:39.237Z  WARN 1 --- [demo] [ad | producer-1] org.apache.kafka.clients.NetworkClient   : [Producer clientId=producer-1] Bootstrap broker kafka-0:9092 (id: -1 rack: null) disconnected

2025-08-01T21:05:40.262Z  INFO 1 --- [demo] [ad | producer-1] org.apache.kafka.clients.NetworkClient   : [Producer clientId=producer-1] Node -1 disconnected.

2025-08-01T21:05:40.262Z  WARN 1 --- [demo] [ad | producer-1] org.apache.kafka.clients.NetworkClient   : [Producer clientId=producer-1] Connection to node -1 (kafka-0/172.19.0.3:9092) could not be established. Node may not be available.

2025-08-01T21:05:40.262Z  WARN 1 --- [demo] [ad | producer-1] org.apache.kafka.clients.NetworkClient   : [Producer clientId=producer-1] Bootstrap broker kafka-0:9092 (id: -1 rack: null) disconnected

2025-08-01T21:05:41.117Z  INFO 1 --- [demo] [ad | producer-1] org.apache.kafka.clients.NetworkClient   : [Producer clientId=producer-1] Node -1 disconnected.

2025-08-01T21:05:41.117Z  WARN 1 --- [demo] [ad | producer-1] org.apache.kafka.clients.NetworkClient   : [Producer clientId=producer-1] Connection to node -1 (kafka-0/172.19.0.3:9092) could not be established. Node may not be available.

2025-08-01T21:05:41.117Z  WARN 1 --- [demo] [ad | producer-1] org.apache.kafka.clients.NetworkClient   : [Producer clientId=producer-1] Bootstrap broker kafka-0:9092 (id: -1 rack: null) disconnected

2025-08-01T21:05:42.167Z  INFO 1 --- [demo] [ad | producer-1] org.apache.kafka.clients.NetworkClient   : [Producer clientId=producer-1] Node -1 disconnected.

2025-08-01T21:05:42.167Z  WARN 1 --- [demo] [ad | producer-1] org.apache.kafka.clients.NetworkClient   : [Producer clientId=producer-1] Connection to node -1 (kafka-0/172.19.0.3:9092) could not be established. Node may not be available.

2025-08-01T21:05:42.167Z  WARN 1 --- [demo] [ad | producer-1] org.apache.kafka.clients.NetworkClient   : [Producer clientId=producer-1] Bootstrap broker kafka-0:9092 (id: -1 rack: null) disconnected

2025-08-01T21:05:43.168Z  INFO 1 --- [demo] [ad | producer-1] org.apache.kafka.clients.NetworkClient   : [Producer clientId=producer-1] Node -1 disconnected.

2025-08-01T21:05:43.168Z  WARN 1 --- [demo] [ad | producer-1] org.apache.kafka.clients.NetworkClient   : [Producer clientId=producer-1] Connection to node -1 (kafka-0/172.19.0.3:9092) could not be established. Node may not be available.

2025-08-01T21:05:43.168Z  WARN 1 --- [demo] [ad | producer-1] org.apache.kafka.clients.NetworkClient   : [Producer clientId=producer-1] Bootstrap broker kafka-0:9092 (id: -1 rack: null) disconnected

2025-08-01T21:05:44.169Z  INFO 1 --- [demo] [ad | producer-1] org.apache.kafka.clients.NetworkClient   : [Producer clientId=producer-1] Node -1 disconnected.

2025-08-01T21:05:44.169Z  WARN 1 --- [demo] [ad | producer-1] org.apache.kafka.clients.NetworkClient   : [Producer clientId=producer-1] Connection to node -1 (kafka-0/172.19.0.3:9092) could not be established. Node may not be available.

2025-08-01T21:05:44.169Z  WARN 1 --- [demo] [ad | producer-1] org.apache.kafka.clients.NetworkClient   : [Producer clientId=producer-1] Bootstrap broker kafka-0:9092 (id: -1 rack: null) disconnected

2025-08-01T21:05:45.123Z  INFO 1 --- [demo] [ad | producer-1] org.apache.kafka.clients.NetworkClient   : [Producer clientId=producer-1] Node -1 disconnected.

2025-08-01T21:05:45.123Z  WARN 1 --- [demo] [ad | producer-1] org.apache.kafka.clients.NetworkClient   : [Producer clientId=producer-1] Connection to node -1 (kafka-0/172.19.0.3:9092) could not be established. Node may not be available.

2025-08-01T21:05:45.123Z  WARN 1 --- [demo] [ad | producer-1] org.apache.kafka.clients.NetworkClient   : [Producer clientId=producer-1] Bootstrap broker kafka-0:9092 (id: -1 rack: null) disconnected

2025-08-01T21:05:46.229Z  WARN 1 --- [demo] [ad | producer-1] org.apache.kafka.clients.NetworkClient   : [Producer clientId=producer-1] The metadata response from the cluster reported a recoverable issue with correlation id 1 : {mytopic=UNKNOWN_TOPIC_OR_PARTITION}

2025-08-01T21:05:46.230Z  INFO 1 --- [demo] [ad | producer-1] org.apache.kafka.clients.Metadata        : [Producer clientId=producer-1] Cluster ID: practicum

2025-08-01T21:05:46.336Z  INFO 1 --- [demo] [ad | producer-1] o.a.k.c.p.internals.TransactionManager   : [Producer clientId=producer-1] ProducerId set to 0 with epoch 0

2025-08-01T21:05:46.362Z  INFO 1 --- [demo] [ad | producer-1] c.example.demo.service.MyKafkaProducer   : Message sent: partition=0, offset=0

2025-08-01T21:05:47.344Z  INFO 1 --- [demo] [           main] c.example.demo.service.MyKafkaProducer   : Try send message key=key-f071ba78-4a80-470e-a089-8439ac6e47ad, Student: { "id": 2, "fio":"Иванов Иван Иванович 2" }

2025-08-01T21:05:47.347Z  INFO 1 --- [demo] [ad | producer-1] c.example.demo.service.MyKafkaProducer   : Message sent: partition=0, offset=1

2025-08-01T21:05:48.343Z  INFO 1 --- [demo] [           main] c.example.demo.service.MyKafkaProducer   : Try send message key=key-9e087227-5124-4030-8a3a-387306444765, Student: { "id": 3, "fio":"Иванов Иван Иванович 3" }

2025-08-01T21:05:48.345Z  INFO 1 --- [demo] [ad | producer-1] c.example.demo.service.MyKafkaProducer   : Message sent: partition=0, offset=2

2025-08-01T21:05:49.343Z  INFO 1 --- [demo] [           main] c.example.demo.service.MyKafkaProducer   : Try send message key=key-46647a08-d6df-4259-83d5-681ad25c5996, Student: { "id": 4, "fio":"Иванов Иван Иванович 4" }

2025-08-01T21:05:49.346Z  INFO 1 --- [demo] [ad | producer-1] c.example.demo.service.MyKafkaProducer   : Message sent: partition=0, offset=3

2025-08-01T21:05:50.344Z  INFO 1 --- [demo] [           main] c.example.demo.service.MyKafkaProducer   : Try send message key=key-4ac3e6da-7349-426e-935b-8c7ed1b1d94d, Student: { "id": 5, "fio":"Иванов Иван Иванович 5" }

2025-08-01T21:05:50.346Z  INFO 1 --- [demo] [ad | producer-1] c.example.demo.service.MyKafkaProducer   : Message sent: partition=0, offset=4

2025-08-01T21:05:51.345Z  INFO 1 --- [demo] [           main] o.a.k.clients.producer.KafkaProducer     : [Producer clientId=producer-1] Closing the Kafka producer with timeoutMillis = 9223372036854775807 ms.

2025-08-01T21:05:51.349Z  INFO 1 --- [demo] [           main] o.apache.kafka.common.metrics.Metrics    : Metrics scheduler closed

2025-08-01T21:05:51.349Z  INFO 1 --- [demo] [           main] o.apache.kafka.common.metrics.Metrics    : Closing reporter org.apache.kafka.common.metrics.JmxReporter

2025-08-01T21:05:51.349Z  INFO 1 --- [demo] [           main] o.apache.kafka.common.metrics.Metrics    : Closing reporter org.apache.kafka.common.telemetry.internals.ClientTelemetryReporter

2025-08-01T21:05:51.349Z  INFO 1 --- [demo] [           main] o.apache.kafka.common.metrics.Metrics    : Metrics reporters closed

2025-08-01T21:05:51.350Z  INFO 1 --- [demo] [           main] o.a.kafka.common.utils.AppInfoParser     : App info kafka.producer for producer-1 unregistered